<?xml version="1.0" encoding="UTF-8"?>
<testng-results skipped="0" failed="0" total="1" passed="1">
  <reporter-output>
  </reporter-output>
  <suite name="Default suite" duration-ms="2910" started-at="2023-07-06T09:08:10Z" finished-at="2023-07-06T09:08:13Z">
    <groups>
    </groups>
    <test name="Default test" duration-ms="2910" started-at="2023-07-06T09:08:10Z" finished-at="2023-07-06T09:08:13Z">
      <class name="org.api.omrbranch.APItesting.LoginClass">
        <test-method status="PASS" signature="Login()[pri:0, instance:org.api.omrbranch.APItesting.LoginClass@1753acfe]" name="Login" duration-ms="2895" started-at="2023-07-06T14:38:10Z" finished-at="2023-07-06T14:38:13Z">
          <reporter-output>
          </reporter-output>
        </test-method> <!-- Login -->
      </class> <!-- org.api.omrbranch.APItesting.LoginClass -->
    </test> <!-- Default test -->
  </suite> <!-- Default suite -->
</testng-results>
